 青     Loc                     盔矫巩                     格利内靛
----    ----  -------------------------------------------- --------
   5    0000  COPY     START      0
  10                   EXTDEF     BUFFER,BUFEND,LENGTH
  15                   EXTREF     RDREC,WRREC
  20    0000  FIRST    STL        RETADR                   172027
  25    0003  CLOOP    +JSUB      RDREC                    4B100000
  30    0007           LDA        LENGTH                   032023
  35    000A           COMP       #0                       290000
  40    000D           JEQ        ENDFIL                   332007
  45    0010           +JSUB      WRREC                    4B100000
  50    0014           J          CLOOP                    3F2FEC
  55    0017  ENDFIL   LDA        =C'EOF'                  032016
  60    001A           STA        BUFFER                   0F2016
  65    001D           LDA        #3                       010003
  70    0020           STA        LENGTH                   0F200A
  75    0023           +JSUB      WRREC                    4B100000
  80    0027           J          @RETADR                  3E2000
  85    002A  RETADR   RESW       1
  90    002D  LENGTH   RESW       1
  95                   LTORG      
 100    0030  *        =C'EOF'                             454F46
 105    0033  BUFFER   RESB       4096
 110    1033  BUFEND   EQU        *
 115    1000  MAXLEN   EQU        BUFEND-BUFFER

 120    0000  RDREC    CSECT      
 125          .
 130          .        SUBROUTINE TO READ INTO BUFFER
 135          .
 140                   EXTREF     BUFFER,LENGTH,BUFEND
 145    0000           CLEAR      X                        B410
 150    0002           CLEAR      A                        B400
 155    0004           CLEAR      S                        B440
 160    0006           LDT        MAXLEN                   77201F
 165    0009  RLOOP    TD         INPUT                    E3201B
 170    000C           JEQ        RLOOP                    332FFA
 175    000F           RD         INPUT                    DB2015
 180    0012           COMPR      A,S                      A004
 185    0014           JEQ        EXIT                     332009
 190    0017           +STCH      BUFFER,X                 57900000
 195    001B           TIXR       T                        B850
 200    001D           JLT        RLOOP                    3B2FE9
 205    0020  EXIT     +STX       LENGTH                   13100000
 210    0024           RSUB                                4F0000
 215    0027  INPUT    BYTE       X'F1'                    F1
 220    0028  MAXLEN   WORD       BUFEND-BUFFER            000000

 225    0000  WRREC    CSECT      
 230          .
 235          .        SUBROUTINE TO WRITE RECORD FROM BUFFER
 240          .
 245                   EXTREF     LENGTH,BUFFER
 250    0000           CLEAR      X                        B410
 255    0002           +LDT       LENGTH                   77100000
 260    0006  WLOOP    TD         =X'05'                   E32012
 265    0009           JEQ        WLOOP                    332FFA
 270    000C           +LDCH      BUFFER,X                 53900000
 275    0010           WD         =X'05'                   DF2008
 280    0013           TIXR       T                        B850
 285    0015           JLT        WLOOP                    3B2FEE
 290    0018           RSUB                                4F0000
 295                   END        FIRST
 300    001B  *        =X'05'                              05
