  SicXE.c
C:\Users\saick\Documents\SICXE Assembler 20194318\SIC-XE-Assembler-master\SicXE.c(248,2): warning C4996: 'strcpy': This function or variable may be unsafe. Consider using strcpy_s instead. To disable deprecation, use _CRT_SECURE_NO_WARNINGS. See online help for details.
C:\Users\saick\Documents\SICXE Assembler 20194318\SIC-XE-Assembler-master\SicXE.c(276,2): warning C4996: 'strcpy': This function or variable may be unsafe. Consider using strcpy_s instead. To disable deprecation, use _CRT_SECURE_NO_WARNINGS. See online help for details.
C:\Users\saick\Documents\SICXE Assembler 20194318\SIC-XE-Assembler-master\SicXE.c(281,2): warning C4996: 'strcpy': This function or variable may be unsafe. Consider using strcpy_s instead. To disable deprecation, use _CRT_SECURE_NO_WARNINGS. See online help for details.
C:\Users\saick\Documents\SICXE Assembler 20194318\SIC-XE-Assembler-master\SicXE.c(286,2): warning C4996: 'strcpy': This function or variable may be unsafe. Consider using strcpy_s instead. To disable deprecation, use _CRT_SECURE_NO_WARNINGS. See online help for details.
C:\Users\saick\Documents\SICXE Assembler 20194318\SIC-XE-Assembler-master\SicXE.c(294,7): warning C4013: 'SearchSymtab'이(가) 정의되지 않았습니다. extern은 int형을 반환하는 것으로 간주합니다.
C:\Users\saick\Documents\SICXE Assembler 20194318\SIC-XE-Assembler-master\SicXE.c(368,15): warning C4267: '초기화 중': 'size_t'에서 'int'(으)로 변환하면서 데이터가 손실될 수 있습니다.
C:\Users\saick\Documents\SICXE Assembler 20194318\SIC-XE-Assembler-master\SicXE.c(382,15): warning C4267: '초기화 중': 'size_t'에서 'int'(으)로 변환하면서 데이터가 손실될 수 있습니다.
C:\Users\saick\Documents\SICXE Assembler 20194318\SIC-XE-Assembler-master\SicXE.c(417,2): warning C4996: 'strcpy': This function or variable may be unsafe. Consider using strcpy_s instead. To disable deprecation, use _CRT_SECURE_NO_WARNINGS. See online help for details.
C:\Users\saick\Documents\SICXE Assembler 20194318\SIC-XE-Assembler-master\SicXE.c(419,12): warning C4267: '초기화 중': 'size_t'에서 'int'(으)로 변환하면서 데이터가 손실될 수 있습니다.
C:\Users\saick\Documents\SICXE Assembler 20194318\SIC-XE-Assembler-master\SicXE.c(435,2): warning C4996: 'strcpy': This function or variable may be unsafe. Consider using strcpy_s instead. To disable deprecation, use _CRT_SECURE_NO_WARNINGS. See online help for details.
C:\Users\saick\Documents\SICXE Assembler 20194318\SIC-XE-Assembler-master\SicXE.c(437,12): warning C4267: '초기화 중': 'size_t'에서 'int'(으)로 변환하면서 데이터가 손실될 수 있습니다.
C:\Users\saick\Documents\SICXE Assembler 20194318\SIC-XE-Assembler-master\SicXE.c(454,12): warning C4267: '초기화 중': 'size_t'에서 'int'(으)로 변환하면서 데이터가 손실될 수 있습니다.
C:\Users\saick\Documents\SICXE Assembler 20194318\SIC-XE-Assembler-master\SicXE.c(492,21): warning C4244: '함수': 'unsigned __int64'에서 'double'(으)로 변환하면서 데이터가 손실될 수 있습니다.
C:\Users\saick\Documents\SICXE Assembler 20194318\SIC-XE-Assembler-master\SicXE.c(492,26): warning C4244: '=': 'double'에서 'int'(으)로 변환하면서 데이터가 손실될 수 있습니다.
C:\Users\saick\Documents\SICXE Assembler 20194318\SIC-XE-Assembler-master\SicXE.c(550,2): warning C4996: 'strcpy': This function or variable may be unsafe. Consider using strcpy_s instead. To disable deprecation, use _CRT_SECURE_NO_WARNINGS. See online help for details.
C:\Users\saick\Documents\SICXE Assembler 20194318\SIC-XE-Assembler-master\SicXE.c(568,13): warning C4996: 'fopen': This function or variable may be unsafe. Consider using fopen_s instead. To disable deprecation, use _CRT_SECURE_NO_WARNINGS. See online help for details.
C:\Users\saick\Documents\SICXE Assembler 20194318\SIC-XE-Assembler-master\SicXE.c(637,26): warning C4477: 'fprintf' : 서식 문자열 '%08X'에 'unsigned int' 형식의 인수가 필요하지만 variadic 인수 1의 형식이 'unsigned __int64'입니다.
C:\Users\saick\Documents\SICXE Assembler 20194318\SIC-XE-Assembler-master\SicXE.c(637,26): message : 서식 문자열에서 '%llX'을(를) 사용하는 것이 좋습니다.
C:\Users\saick\Documents\SICXE Assembler 20194318\SIC-XE-Assembler-master\SicXE.c(637,26): message : 서식 문자열에서 '%IX'을(를) 사용하는 것이 좋습니다.
C:\Users\saick\Documents\SICXE Assembler 20194318\SIC-XE-Assembler-master\SicXE.c(637,26): message : 서식 문자열에서 '%I64X'을(를) 사용하는 것이 좋습니다.
C:\Users\saick\Documents\SICXE Assembler 20194318\SIC-XE-Assembler-master\SicXE.c(640,26): warning C4477: 'fprintf' : 서식 문자열 '%06X'에 'unsigned int' 형식의 인수가 필요하지만 variadic 인수 1의 형식이 'unsigned __int64'입니다.
C:\Users\saick\Documents\SICXE Assembler 20194318\SIC-XE-Assembler-master\SicXE.c(640,26): message : 서식 문자열에서 '%llX'을(를) 사용하는 것이 좋습니다.
C:\Users\saick\Documents\SICXE Assembler 20194318\SIC-XE-Assembler-master\SicXE.c(640,26): message : 서식 문자열에서 '%IX'을(를) 사용하는 것이 좋습니다.
C:\Users\saick\Documents\SICXE Assembler 20194318\SIC-XE-Assembler-master\SicXE.c(640,26): message : 서식 문자열에서 '%I64X'을(를) 사용하는 것이 좋습니다.
C:\Users\saick\Documents\SICXE Assembler 20194318\SIC-XE-Assembler-master\SicXE.c(644,25): warning C4477: 'fprintf' : 서식 문자열 '%04X'에 'unsigned int' 형식의 인수가 필요하지만 variadic 인수 1의 형식이 'unsigned __int64'입니다.
C:\Users\saick\Documents\SICXE Assembler 20194318\SIC-XE-Assembler-master\SicXE.c(644,25): message : 서식 문자열에서 '%llX'을(를) 사용하는 것이 좋습니다.
C:\Users\saick\Documents\SICXE Assembler 20194318\SIC-XE-Assembler-master\SicXE.c(644,25): message : 서식 문자열에서 '%IX'을(를) 사용하는 것이 좋습니다.
C:\Users\saick\Documents\SICXE Assembler 20194318\SIC-XE-Assembler-master\SicXE.c(644,25): message : 서식 문자열에서 '%I64X'을(를) 사용하는 것이 좋습니다.
C:\Users\saick\Documents\SICXE Assembler 20194318\SIC-XE-Assembler-master\SicXE.c(647,25): warning C4477: 'fprintf' : 서식 문자열 '%02X'에 'unsigned int' 형식의 인수가 필요하지만 variadic 인수 1의 형식이 'unsigned __int64'입니다.
C:\Users\saick\Documents\SICXE Assembler 20194318\SIC-XE-Assembler-master\SicXE.c(647,25): message : 서식 문자열에서 '%llX'을(를) 사용하는 것이 좋습니다.
C:\Users\saick\Documents\SICXE Assembler 20194318\SIC-XE-Assembler-master\SicXE.c(647,25): message : 서식 문자열에서 '%IX'을(를) 사용하는 것이 좋습니다.
C:\Users\saick\Documents\SICXE Assembler 20194318\SIC-XE-Assembler-master\SicXE.c(647,25): message : 서식 문자열에서 '%I64X'을(를) 사용하는 것이 좋습니다.
C:\Users\saick\Documents\SICXE Assembler 20194318\SIC-XE-Assembler-master\SicXE.c(659,26): warning C4477: 'fprintf' : 서식 문자열 '%02X'에 'unsigned int' 형식의 인수가 필요하지만 variadic 인수 1의 형식이 'unsigned __int64'입니다.
C:\Users\saick\Documents\SICXE Assembler 20194318\SIC-XE-Assembler-master\SicXE.c(659,26): message : 서식 문자열에서 '%llX'을(를) 사용하는 것이 좋습니다.
C:\Users\saick\Documents\SICXE Assembler 20194318\SIC-XE-Assembler-master\SicXE.c(659,26): message : 서식 문자열에서 '%IX'을(를) 사용하는 것이 좋습니다.
C:\Users\saick\Documents\SICXE Assembler 20194318\SIC-XE-Assembler-master\SicXE.c(659,26): message : 서식 문자열에서 '%I64X'을(를) 사용하는 것이 좋습니다.
C:\Users\saick\Documents\SICXE Assembler 20194318\SIC-XE-Assembler-master\SicXE.c(662,26): warning C4477: 'fprintf' : 서식 문자열 '%04X'에 'unsigned int' 형식의 인수가 필요하지만 variadic 인수 1의 형식이 'unsigned __int64'입니다.
C:\Users\saick\Documents\SICXE Assembler 20194318\SIC-XE-Assembler-master\SicXE.c(662,26): message : 서식 문자열에서 '%llX'을(를) 사용하는 것이 좋습니다.
C:\Users\saick\Documents\SICXE Assembler 20194318\SIC-XE-Assembler-master\SicXE.c(662,26): message : 서식 문자열에서 '%IX'을(를) 사용하는 것이 좋습니다.
C:\Users\saick\Documents\SICXE Assembler 20194318\SIC-XE-Assembler-master\SicXE.c(662,26): message : 서식 문자열에서 '%I64X'을(를) 사용하는 것이 좋습니다.
C:\Users\saick\Documents\SICXE Assembler 20194318\SIC-XE-Assembler-master\SicXE.c(666,26): warning C4477: 'fprintf' : 서식 문자열 '%06X'에 'unsigned int' 형식의 인수가 필요하지만 variadic 인수 1의 형식이 'unsigned __int64'입니다.
C:\Users\saick\Documents\SICXE Assembler 20194318\SIC-XE-Assembler-master\SicXE.c(666,26): message : 서식 문자열에서 '%llX'을(를) 사용하는 것이 좋습니다.
C:\Users\saick\Documents\SICXE Assembler 20194318\SIC-XE-Assembler-master\SicXE.c(666,26): message : 서식 문자열에서 '%IX'을(를) 사용하는 것이 좋습니다.
C:\Users\saick\Documents\SICXE Assembler 20194318\SIC-XE-Assembler-master\SicXE.c(666,26): message : 서식 문자열에서 '%I64X'을(를) 사용하는 것이 좋습니다.
C:\Users\saick\Documents\SICXE Assembler 20194318\SIC-XE-Assembler-master\SicXE.c(599,14): warning C4996: 'fopen': This function or variable may be unsafe. Consider using fopen_s instead. To disable deprecation, use _CRT_SECURE_NO_WARNINGS. See online help for details.
C:\Users\saick\Documents\SICXE Assembler 20194318\SIC-XE-Assembler-master\SicXE.c(814,14): warning C4477: 'printf' : 서식 문자열 '%02X'에 'unsigned int' 형식의 인수가 필요하지만 variadic 인수 1의 형식이 'unsigned __int64'입니다.
C:\Users\saick\Documents\SICXE Assembler 20194318\SIC-XE-Assembler-master\SicXE.c(814,14): message : 서식 문자열에서 '%llX'을(를) 사용하는 것이 좋습니다.
C:\Users\saick\Documents\SICXE Assembler 20194318\SIC-XE-Assembler-master\SicXE.c(814,14): message : 서식 문자열에서 '%IX'을(를) 사용하는 것이 좋습니다.
C:\Users\saick\Documents\SICXE Assembler 20194318\SIC-XE-Assembler-master\SicXE.c(814,14): message : 서식 문자열에서 '%I64X'을(를) 사용하는 것이 좋습니다.
C:\Users\saick\Documents\SICXE Assembler 20194318\SIC-XE-Assembler-master\SicXE.c(815,25): warning C4477: 'fprintf' : 서식 문자열 '%02X'에 'unsigned int' 형식의 인수가 필요하지만 variadic 인수 1의 형식이 'unsigned __int64'입니다.
C:\Users\saick\Documents\SICXE Assembler 20194318\SIC-XE-Assembler-master\SicXE.c(815,25): message : 서식 문자열에서 '%llX'을(를) 사용하는 것이 좋습니다.
C:\Users\saick\Documents\SICXE Assembler 20194318\SIC-XE-Assembler-master\SicXE.c(815,25): message : 서식 문자열에서 '%IX'을(를) 사용하는 것이 좋습니다.
C:\Users\saick\Documents\SICXE Assembler 20194318\SIC-XE-Assembler-master\SicXE.c(815,25): message : 서식 문자열에서 '%I64X'을(를) 사용하는 것이 좋습니다.
C:\Users\saick\Documents\SICXE Assembler 20194318\SIC-XE-Assembler-master\SicXE.c(823,14): warning C4477: 'printf' : 서식 문자열 '%06X'에 'unsigned int' 형식의 인수가 필요하지만 variadic 인수 1의 형식이 'unsigned __int64'입니다.
C:\Users\saick\Documents\SICXE Assembler 20194318\SIC-XE-Assembler-master\SicXE.c(823,14): message : 서식 문자열에서 '%llX'을(를) 사용하는 것이 좋습니다.
C:\Users\saick\Documents\SICXE Assembler 20194318\SIC-XE-Assembler-master\SicXE.c(823,14): message : 서식 문자열에서 '%IX'을(를) 사용하는 것이 좋습니다.
C:\Users\saick\Documents\SICXE Assembler 20194318\SIC-XE-Assembler-master\SicXE.c(823,14): message : 서식 문자열에서 '%I64X'을(를) 사용하는 것이 좋습니다.
C:\Users\saick\Documents\SICXE Assembler 20194318\SIC-XE-Assembler-master\SicXE.c(824,25): warning C4477: 'fprintf' : 서식 문자열 '%06X'에 'unsigned int' 형식의 인수가 필요하지만 variadic 인수 1의 형식이 'unsigned __int64'입니다.
C:\Users\saick\Documents\SICXE Assembler 20194318\SIC-XE-Assembler-master\SicXE.c(824,25): message : 서식 문자열에서 '%llX'을(를) 사용하는 것이 좋습니다.
C:\Users\saick\Documents\SICXE Assembler 20194318\SIC-XE-Assembler-master\SicXE.c(824,25): message : 서식 문자열에서 '%IX'을(를) 사용하는 것이 좋습니다.
C:\Users\saick\Documents\SICXE Assembler 20194318\SIC-XE-Assembler-master\SicXE.c(824,25): message : 서식 문자열에서 '%I64X'을(를) 사용하는 것이 좋습니다.
C:\Users\saick\Documents\SICXE Assembler 20194318\SIC-XE-Assembler-master\SicXE.c(834,16): warning C4477: 'printf' : 서식 문자열 '%08X'에 'unsigned int' 형식의 인수가 필요하지만 variadic 인수 1의 형식이 'unsigned __int64'입니다.
C:\Users\saick\Documents\SICXE Assembler 20194318\SIC-XE-Assembler-master\SicXE.c(834,16): message : 서식 문자열에서 '%llX'을(를) 사용하는 것이 좋습니다.
C:\Users\saick\Documents\SICXE Assembler 20194318\SIC-XE-Assembler-master\SicXE.c(834,16): message : 서식 문자열에서 '%IX'을(를) 사용하는 것이 좋습니다.
C:\Users\saick\Documents\SICXE Assembler 20194318\SIC-XE-Assembler-master\SicXE.c(834,16): message : 서식 문자열에서 '%I64X'을(를) 사용하는 것이 좋습니다.
C:\Users\saick\Documents\SICXE Assembler 20194318\SIC-XE-Assembler-master\SicXE.c(835,27): warning C4477: 'fprintf' : 서식 문자열 '%08X'에 'unsigned int' 형식의 인수가 필요하지만 variadic 인수 1의 형식이 'unsigned __int64'입니다.
C:\Users\saick\Documents\SICXE Assembler 20194318\SIC-XE-Assembler-master\SicXE.c(835,27): message : 서식 문자열에서 '%llX'을(를) 사용하는 것이 좋습니다.
C:\Users\saick\Documents\SICXE Assembler 20194318\SIC-XE-Assembler-master\SicXE.c(835,27): message : 서식 문자열에서 '%IX'을(를) 사용하는 것이 좋습니다.
C:\Users\saick\Documents\SICXE Assembler 20194318\SIC-XE-Assembler-master\SicXE.c(835,27): message : 서식 문자열에서 '%I64X'을(를) 사용하는 것이 좋습니다.
C:\Users\saick\Documents\SICXE Assembler 20194318\SIC-XE-Assembler-master\SicXE.c(839,16): warning C4477: 'printf' : 서식 문자열 '%06X'에 'unsigned int' 형식의 인수가 필요하지만 variadic 인수 1의 형식이 'unsigned __int64'입니다.
C:\Users\saick\Documents\SICXE Assembler 20194318\SIC-XE-Assembler-master\SicXE.c(839,16): message : 서식 문자열에서 '%llX'을(를) 사용하는 것이 좋습니다.
C:\Users\saick\Documents\SICXE Assembler 20194318\SIC-XE-Assembler-master\SicXE.c(839,16): message : 서식 문자열에서 '%IX'을(를) 사용하는 것이 좋습니다.
C:\Users\saick\Documents\SICXE Assembler 20194318\SIC-XE-Assembler-master\SicXE.c(839,16): message : 서식 문자열에서 '%I64X'을(를) 사용하는 것이 좋습니다.
C:\Users\saick\Documents\SICXE Assembler 20194318\SIC-XE-Assembler-master\SicXE.c(840,27): warning C4477: 'fprintf' : 서식 문자열 '%06X'에 'unsigned int' 형식의 인수가 필요하지만 variadic 인수 1의 형식이 'unsigned __int64'입니다.
C:\Users\saick\Documents\SICXE Assembler 20194318\SIC-XE-Assembler-master\SicXE.c(840,27): message : 서식 문자열에서 '%llX'을(를) 사용하는 것이 좋습니다.
C:\Users\saick\Documents\SICXE Assembler 20194318\SIC-XE-Assembler-master\SicXE.c(840,27): message : 서식 문자열에서 '%IX'을(를) 사용하는 것이 좋습니다.
C:\Users\saick\Documents\SICXE Assembler 20194318\SIC-XE-Assembler-master\SicXE.c(840,27): message : 서식 문자열에서 '%I64X'을(를) 사용하는 것이 좋습니다.
C:\Users\saick\Documents\SICXE Assembler 20194318\SIC-XE-Assembler-master\SicXE.c(845,15): warning C4477: 'printf' : 서식 문자열 '%04X'에 'unsigned int' 형식의 인수가 필요하지만 variadic 인수 1의 형식이 'unsigned __int64'입니다.
C:\Users\saick\Documents\SICXE Assembler 20194318\SIC-XE-Assembler-master\SicXE.c(845,15): message : 서식 문자열에서 '%llX'을(를) 사용하는 것이 좋습니다.
C:\Users\saick\Documents\SICXE Assembler 20194318\SIC-XE-Assembler-master\SicXE.c(845,15): message : 서식 문자열에서 '%IX'을(를) 사용하는 것이 좋습니다.
C:\Users\saick\Documents\SICXE Assembler 20194318\SIC-XE-Assembler-master\SicXE.c(845,15): message : 서식 문자열에서 '%I64X'을(를) 사용하는 것이 좋습니다.
C:\Users\saick\Documents\SICXE Assembler 20194318\SIC-XE-Assembler-master\SicXE.c(846,26): warning C4477: 'fprintf' : 서식 문자열 '%04X'에 'unsigned int' 형식의 인수가 필요하지만 variadic 인수 1의 형식이 'unsigned __int64'입니다.
C:\Users\saick\Documents\SICXE Assembler 20194318\SIC-XE-Assembler-master\SicXE.c(846,26): message : 서식 문자열에서 '%llX'을(를) 사용하는 것이 좋습니다.
C:\Users\saick\Documents\SICXE Assembler 20194318\SIC-XE-Assembler-master\SicXE.c(846,26): message : 서식 문자열에서 '%IX'을(를) 사용하는 것이 좋습니다.
C:\Users\saick\Documents\SICXE Assembler 20194318\SIC-XE-Assembler-master\SicXE.c(846,26): message : 서식 문자열에서 '%I64X'을(를) 사용하는 것이 좋습니다.
C:\Users\saick\Documents\SICXE Assembler 20194318\SIC-XE-Assembler-master\SicXE.c(850,15): warning C4477: 'printf' : 서식 문자열 '%02X'에 'unsigned int' 형식의 인수가 필요하지만 variadic 인수 1의 형식이 'unsigned __int64'입니다.
C:\Users\saick\Documents\SICXE Assembler 20194318\SIC-XE-Assembler-master\SicXE.c(850,15): message : 서식 문자열에서 '%llX'을(를) 사용하는 것이 좋습니다.
C:\Users\saick\Documents\SICXE Assembler 20194318\SIC-XE-Assembler-master\SicXE.c(850,15): message : 서식 문자열에서 '%IX'을(를) 사용하는 것이 좋습니다.
C:\Users\saick\Documents\SICXE Assembler 20194318\SIC-XE-Assembler-master\SicXE.c(850,15): message : 서식 문자열에서 '%I64X'을(를) 사용하는 것이 좋습니다.
C:\Users\saick\Documents\SICXE Assembler 20194318\SIC-XE-Assembler-master\SicXE.c(851,26): warning C4477: 'fprintf' : 서식 문자열 '%02X'에 'unsigned int' 형식의 인수가 필요하지만 variadic 인수 1의 형식이 'unsigned __int64'입니다.
C:\Users\saick\Documents\SICXE Assembler 20194318\SIC-XE-Assembler-master\SicXE.c(851,26): message : 서식 문자열에서 '%llX'을(를) 사용하는 것이 좋습니다.
C:\Users\saick\Documents\SICXE Assembler 20194318\SIC-XE-Assembler-master\SicXE.c(851,26): message : 서식 문자열에서 '%IX'을(를) 사용하는 것이 좋습니다.
C:\Users\saick\Documents\SICXE Assembler 20194318\SIC-XE-Assembler-master\SicXE.c(851,26): message : 서식 문자열에서 '%I64X'을(를) 사용하는 것이 좋습니다.
C:\Users\saick\Documents\SICXE Assembler 20194318\SIC-XE-Assembler-master\SicXE.c(862,15): warning C4477: 'printf' : 서식 문자열 '%06X'에 'unsigned int' 형식의 인수가 필요하지만 variadic 인수 1의 형식이 'unsigned __int64'입니다.
C:\Users\saick\Documents\SICXE Assembler 20194318\SIC-XE-Assembler-master\SicXE.c(862,15): message : 서식 문자열에서 '%llX'을(를) 사용하는 것이 좋습니다.
C:\Users\saick\Documents\SICXE Assembler 20194318\SIC-XE-Assembler-master\SicXE.c(862,15): message : 서식 문자열에서 '%IX'을(를) 사용하는 것이 좋습니다.
C:\Users\saick\Documents\SICXE Assembler 20194318\SIC-XE-Assembler-master\SicXE.c(862,15): message : 서식 문자열에서 '%I64X'을(를) 사용하는 것이 좋습니다.
C:\Users\saick\Documents\SICXE Assembler 20194318\SIC-XE-Assembler-master\SicXE.c(863,26): warning C4477: 'fprintf' : 서식 문자열 '%06X'에 'unsigned int' 형식의 인수가 필요하지만 variadic 인수 1의 형식이 'unsigned __int64'입니다.
C:\Users\saick\Documents\SICXE Assembler 20194318\SIC-XE-Assembler-master\SicXE.c(863,26): message : 서식 문자열에서 '%llX'을(를) 사용하는 것이 좋습니다.
C:\Users\saick\Documents\SICXE Assembler 20194318\SIC-XE-Assembler-master\SicXE.c(863,26): message : 서식 문자열에서 '%IX'을(를) 사용하는 것이 좋습니다.
C:\Users\saick\Documents\SICXE Assembler 20194318\SIC-XE-Assembler-master\SicXE.c(863,26): message : 서식 문자열에서 '%I64X'을(를) 사용하는 것이 좋습니다.
C:\Users\saick\Documents\SICXE Assembler 20194318\SIC-XE-Assembler-master\SicXE.c(691,13): warning C4996: 'fopen': This function or variable may be unsafe. Consider using fopen_s instead. To disable deprecation, use _CRT_SECURE_NO_WARNINGS. See online help for details.
C:\Users\saick\Documents\SICXE Assembler 20194318\SIC-XE-Assembler-master\SicXE.c(765,6): warning C4996: 'strcpy': This function or variable may be unsafe. Consider using strcpy_s instead. To disable deprecation, use _CRT_SECURE_NO_WARNINGS. See online help for details.
C:\Users\saick\Documents\SICXE Assembler 20194318\SIC-XE-Assembler-master\SicXE.c(766,6): warning C4996: 'strcpy': This function or variable may be unsafe. Consider using strcpy_s instead. To disable deprecation, use _CRT_SECURE_NO_WARNINGS. See online help for details.
C:\Users\saick\Documents\SICXE Assembler 20194318\SIC-XE-Assembler-master\SicXE.c(956,19): warning C4267: '=': 'size_t'에서 'int'(으)로 변환하면서 데이터가 손실될 수 있습니다.
C:\Users\saick\Documents\SICXE Assembler 20194318\SIC-XE-Assembler-master\SicXE.c(973,64): warning C4047: '=': 'unsigned short'의 간접 참조 수준이 'int *'과(와) 다릅니다.
C:\Users\saick\Documents\SICXE Assembler 20194318\SIC-XE-Assembler-master\SicXE.c(945,9): warning C4996: 'fopen': This function or variable may be unsafe. Consider using fopen_s instead. To disable deprecation, use _CRT_SECURE_NO_WARNINGS. See online help for details.
C:\Users\saick\Documents\SICXE Assembler 20194318\SIC-XE-Assembler-master\SicXE.c(960,3): warning C4996: 'strcpy': This function or variable may be unsafe. Consider using strcpy_s instead. To disable deprecation, use _CRT_SECURE_NO_WARNINGS. See online help for details.
C:\Users\saick\Documents\SICXE Assembler 20194318\SIC-XE-Assembler-master\SicXE.c(974,4): warning C4996: 'strcpy': This function or variable may be unsafe. Consider using strcpy_s instead. To disable deprecation, use _CRT_SECURE_NO_WARNINGS. See online help for details.
C:\Users\saick\Documents\SICXE Assembler 20194318\SIC-XE-Assembler-master\SicXE.c(975,4): warning C4996: 'strcpy': This function or variable may be unsafe. Consider using strcpy_s instead. To disable deprecation, use _CRT_SECURE_NO_WARNINGS. See online help for details.
C:\Users\saick\Documents\SICXE Assembler 20194318\SIC-XE-Assembler-master\SicXE.c(980,5): warning C4996: 'strcpy': This function or variable may be unsafe. Consider using strcpy_s instead. To disable deprecation, use _CRT_SECURE_NO_WARNINGS. See online help for details.
C:\Users\saick\Documents\SICXE Assembler 20194318\SIC-XE-Assembler-master\SicXE.c(981,5): warning C4996: 'strcpy': This function or variable may be unsafe. Consider using strcpy_s instead. To disable deprecation, use _CRT_SECURE_NO_WARNINGS. See online help for details.
C:\Users\saick\Documents\SICXE Assembler 20194318\SIC-XE-Assembler-master\SicXE.c(984,6): warning C4996: 'strcpy': This function or variable may be unsafe. Consider using strcpy_s instead. To disable deprecation, use _CRT_SECURE_NO_WARNINGS. See online help for details.
C:\Users\saick\Documents\SICXE Assembler 20194318\SIC-XE-Assembler-master\SicXE.c(985,6): warning C4996: 'strcpy': This function or variable may be unsafe. Consider using strcpy_s instead. To disable deprecation, use _CRT_SECURE_NO_WARNINGS. See online help for details.
C:\Users\saick\Documents\SICXE Assembler 20194318\SIC-XE-Assembler-master\SicXE.c(993,5): warning C4996: 'strcpy': This function or variable may be unsafe. Consider using strcpy_s instead. To disable deprecation, use _CRT_SECURE_NO_WARNINGS. See online help for details.
C:\Users\saick\Documents\SICXE Assembler 20194318\SIC-XE-Assembler-master\SicXE.c(994,5): warning C4996: 'strcpy': This function or variable may be unsafe. Consider using strcpy_s instead. To disable deprecation, use _CRT_SECURE_NO_WARNINGS. See online help for details.
C:\Users\saick\Documents\SICXE Assembler 20194318\SIC-XE-Assembler-master\SicXE.c(996,5): warning C4996: 'strcpy': This function or variable may be unsafe. Consider using strcpy_s instead. To disable deprecation, use _CRT_SECURE_NO_WARNINGS. See online help for details.
C:\Users\saick\Documents\SICXE Assembler 20194318\SIC-XE-Assembler-master\SicXE.c(997,5): warning C4996: 'strcpy': This function or variable may be unsafe. Consider using strcpy_s instead. To disable deprecation, use _CRT_SECURE_NO_WARNINGS. See online help for details.
C:\Users\saick\Documents\SICXE Assembler 20194318\SIC-XE-Assembler-master\SicXE.c(1082,7): warning C4996: 'strcpy': This function or variable may be unsafe. Consider using strcpy_s instead. To disable deprecation, use _CRT_SECURE_NO_WARNINGS. See online help for details.
C:\Users\saick\Documents\SICXE Assembler 20194318\SIC-XE-Assembler-master\SicXE.c(1083,7): warning C4996: 'strcpy': This function or variable may be unsafe. Consider using strcpy_s instead. To disable deprecation, use _CRT_SECURE_NO_WARNINGS. See online help for details.
C:\Users\saick\Documents\SICXE Assembler 20194318\SIC-XE-Assembler-master\SicXE.c(1097,7): warning C4996: 'strcpy': This function or variable may be unsafe. Consider using strcpy_s instead. To disable deprecation, use _CRT_SECURE_NO_WARNINGS. See online help for details.
C:\Users\saick\Documents\SICXE Assembler 20194318\SIC-XE-Assembler-master\SicXE.c(1098,7): warning C4996: 'strcpy': This function or variable may be unsafe. Consider using strcpy_s instead. To disable deprecation, use _CRT_SECURE_NO_WARNINGS. See online help for details.
C:\Users\saick\Documents\SICXE Assembler 20194318\SIC-XE-Assembler-master\SicXE.c(1099,7): warning C4996: 'strcpy': This function or variable may be unsafe. Consider using strcpy_s instead. To disable deprecation, use _CRT_SECURE_NO_WARNINGS. See online help for details.
C:\Users\saick\Documents\SICXE Assembler 20194318\SIC-XE-Assembler-master\SicXE.c(1116,6): warning C4996: 'strcpy': This function or variable may be unsafe. Consider using strcpy_s instead. To disable deprecation, use _CRT_SECURE_NO_WARNINGS. See online help for details.
C:\Users\saick\Documents\SICXE Assembler 20194318\SIC-XE-Assembler-master\SicXE.c(1176,4): warning C4996: 'strcpy': This function or variable may be unsafe. Consider using strcpy_s instead. To disable deprecation, use _CRT_SECURE_NO_WARNINGS. See online help for details.
C:\Users\saick\Documents\SICXE Assembler 20194318\SIC-XE-Assembler-master\SicXE.c(1192,5): warning C4996: 'strcpy': This function or variable may be unsafe. Consider using strcpy_s instead. To disable deprecation, use _CRT_SECURE_NO_WARNINGS. See online help for details.
C:\Users\saick\Documents\SICXE Assembler 20194318\SIC-XE-Assembler-master\SicXE.c(1323,5): warning C4996: 'strcpy': This function or variable may be unsafe. Consider using strcpy_s instead. To disable deprecation, use _CRT_SECURE_NO_WARNINGS. See online help for details.
C:\Users\saick\Documents\SICXE Assembler 20194318\SIC-XE-Assembler-master\SicXE.c(1334,5): warning C4996: 'strcpy': This function or variable may be unsafe. Consider using strcpy_s instead. To disable deprecation, use _CRT_SECURE_NO_WARNINGS. See online help for details.
C:\Users\saick\Documents\SICXE Assembler 20194318\SIC-XE-Assembler-master\SicXE.c(1366,5): warning C4996: 'strcpy': This function or variable may be unsafe. Consider using strcpy_s instead. To disable deprecation, use _CRT_SECURE_NO_WARNINGS. See online help for details.
  XE_Assembler.vcxproj -> C:\Users\saick\Documents\SICXE Assembler 20194318\SIC-XE-Assembler-master\XE_Assembler\x64\Debug\XE_Assembler.exe
